<?xml version="1.0" encoding="UTF-8"?>
<!-- Generated by org.testng.reporters.JUnitReportReporter -->
<testsuite name="com.apitech.test.User_Create_Post" tests="5" time="4.899" ignored="0" failures="0" timestamp="31 Jan 2020 22:16:23 GMT" skipped="0" hostname="DESKTOP-KQJE488" errors="0">
  <testcase name="testUsersUpdatePut" time="0.301" classname="com.apitech.test.User_Create_Post"/>
  <testcase name="testUsersShowMeGet" time="0.323" classname="com.apitech.test.User_Create_Post"/>
  <testcase name="testUsersCreatePost" time="3.590" classname="com.apitech.test.User_Create_Post"/>
  <testcase name="testUsersShowIDGet" time="0.382" classname="com.apitech.test.User_Create_Post"/>
  <testcase name="testWidgetCreateVisiblePost" time="0.303" classname="com.apitech.test.User_Create_Post"/>
</testsuite> <!-- com.apitech.test.User_Create_Post -->
