<?xml version="1.0" encoding="UTF-8"?>
<!-- Generated by org.testng.reporters.JUnitReportReporter -->
<testsuite name="com.apitech.test.QA_Tech_API_Code" tests="5" time="3.653" ignored="0" failures="0" timestamp="31 Jan 2020 23:06:41 GMT" skipped="0" hostname="DESKTOP-KQJE488" errors="0">
  <testcase name="testUsersShowIDGet" time="0.238" classname="com.apitech.test.QA_Tech_API_Code"/>
  <testcase name="testWidgetCreateVisiblePost" time="0.183" classname="com.apitech.test.QA_Tech_API_Code"/>
  <testcase name="testUsersUpdatePut" time="0.212" classname="com.apitech.test.QA_Tech_API_Code"/>
  <testcase name="testUsersShowMeGet" time="0.246" classname="com.apitech.test.QA_Tech_API_Code"/>
  <testcase name="testUsersCreatePost" time="2.774" classname="com.apitech.test.QA_Tech_API_Code"/>
</testsuite> <!-- com.apitech.test.QA_Tech_API_Code -->
